[0423/154113.238:ERROR:file_io_win.cc(179)] CreateFile C:\Program Files\temp\settings.dat: Access is denied. (0x5)
[0423/154113.304:ERROR:registration_protocol_win.cc(84)] TransactNamedPipe: The pipe has been ended. (0x6D)
[0423/154113.307:ERROR:file_io_win.cc(179)] CreateFile C:\Program Files\temp\settings.dat: Access is denied. (0x5)
<<<<<<< HEAD
=======
[0424/143953.565:ERROR:file_io_win.cc(179)] CreateFile C:\Program Files\temp\settings.dat: Access is denied. (0x5)
[0424/143953.565:ERROR:registration_protocol_win.cc(84)] TransactNamedPipe: The pipe has been ended. (0x6D)
[0424/143953.565:ERROR:file_io_win.cc(179)] CreateFile C:\Program Files\temp\settings.dat: Access is denied. (0x5)
[0424/144426.176:ERROR:file_io_win.cc(179)] CreateFile C:\Program Files\temp\settings.dat: Access is denied. (0x5)
[0424/144426.176:ERROR:registration_protocol_win.cc(84)] TransactNamedPipe: The pipe has been ended. (0x6D)
[0424/144426.176:ERROR:file_io_win.cc(179)] CreateFile C:\Program Files\temp\settings.dat: Access is denied. (0x5)
[0424/144535.859:ERROR:file_io_win.cc(179)] CreateFile C:\Program Files\temp\settings.dat: Access is denied. (0x5)
[0424/144535.875:ERROR:registration_protocol_win.cc(84)] TransactNamedPipe: The pipe has been ended. (0x6D)
[0424/144535.875:ERROR:file_io_win.cc(179)] CreateFile C:\Program Files\temp\settings.dat: Access is denied. (0x5)
>>>>>>> 54c01d7234a13747cc9429c0ca64a3123427a8cc
[0619/230455.379:ERROR:file_io_win.cc(179)] CreateFile C:\Program Files\temp\settings.dat: Access is denied. (0x5)
[0619/230455.535:ERROR:registration_protocol_win.cc(84)] TransactNamedPipe: The pipe has been ended. (0x6D)
[0619/230455.550:ERROR:file_io_win.cc(179)] CreateFile C:\Program Files\temp\settings.dat: Access is denied. (0x5)
[0619/232800.873:ERROR:file_io_win.cc(179)] CreateFile C:\Program Files\temp\settings.dat: Access is denied. (0x5)
[0619/232800.876:ERROR:registration_protocol_win.cc(84)] TransactNamedPipe: The pipe has been ended. (0x6D)
[0619/232800.880:ERROR:file_io_win.cc(179)] CreateFile C:\Program Files\temp\settings.dat: Access is denied. (0x5)
[0619/232806.520:ERROR:file_io_win.cc(179)] CreateFile C:\Program Files\temp\settings.dat: Access is denied. (0x5)
[0619/232806.536:ERROR:registration_protocol_win.cc(84)] TransactNamedPipe: The pipe has been ended. (0x6D)
[0619/232806.536:ERROR:file_io_win.cc(179)] CreateFile C:\Program Files\temp\settings.dat: Access is denied. (0x5)
